<?xml version="1.0" encoding="utf-8"?><testsuites><testsuite errors="0" failures="0" hostname="SC-202003291557" name="pytest" skipped="0" tests="3" time="22.507" timestamp="2020-05-11T11:43:17.212041"><testcase classname="test_dir.test_baidu.TestSearch" file="test_dir\test_baidu.py" line="26" name="test_baidu_search_case" time="11.732"></testcase><testcase classname="test_dir.test_parametrize" file="test_dir\test_parametrize.py" line="47" name="test_baidu_search[1-Selenium]" time="4.625"></testcase><testcase classname="test_dir.test_parametrize" file="test_dir\test_parametrize.py" line="47" name="test_baidu_search[2-poium]" time="5.901"></testcase></testsuite></testsuites>